#
# An unexpected error has occurred (11)
#
Stack:
/lib/x86_64-linux-gnu/libc.so.6(+0x42520) [0x7fa65bc19520]
/tools/Xilinx/Vivado/2024.1/lib/lnx64.o/librdi_synth.so(HARTPACellAttr::addDefaultAttrs(UString const&, HARTCellParameters&)+0x22f) [0x7fa624b547cf]
/tools/Xilinx/Vivado/2024.1/lib/lnx64.o/librdi_synth.so(HARTPADelayMgrVeam::updateCell(UString&, NInst, bool)+0x525) [0x7fa624b6cb75]
/tools/Xilinx/Vivado/2024.1/lib/lnx64.o/librdi_synth.so(HARTTUpdateTNInstC::updateCell(bool, bool)+0x63e) [0x7fa624b4af8e]
/tools/Xilinx/Vivado/2024.1/lib/lnx64.o/librdi_synth.so(NBaseModC::newInstance(NRefC*, UString const&)+0x1e0) [0x7fa6260f2ce0]
/tools/Xilinx/Vivado/2024.1/lib/lnx64.o/librdi_synth.so(HARTLutMap::installOneLut(HARTInst*, HARTLutInit<64u>*)+0xad) [0x7fa6250b67ed]
/tools/Xilinx/Vivado/2024.1/lib/lnx64.o/librdi_synth.so(HARTLutMap::installLut(HARTInst*, HARTLutInit<64u>*, UHashMapList<HARTInst*, HARTLutInit<64u>*, HARTInst*, UEKey<HARTInst*> >&, std::map<HARTInst*, std::map<HARTInst*, std::tuple<HARTLutInit<64u>*, HARTCut*>, std::less<HARTInst*>, std::allocator<std::pair<HARTInst* const, std::tuple<HARTLutInit<64u>*, HARTCut*> > > >*, std::less<HARTInst*>, std::allocator<std::pair<HARTInst* const, std::map<HARTInst*, std::tuple<HARTLutInit<64u>*, HARTCut*>, std::less<HARTInst*>, std::allocator<std::pair<HARTInst* const, std::tuple<HARTLutInit<64u>*, HARTCut*> > > >*> > >&)+0x73) [0x7fa6250cb043]
/tools/Xilinx/Vivado/2024.1/lib/lnx64.o/librdi_synth.so(HARTLutMap::printCoverInsts()+0x208) [0x7fa6250daab8]
/tools/Xilinx/Vivado/2024.1/lib/lnx64.o/librdi_synth.so(HARTLutMap::map(NRealMod, int&, int&, bool)+0xee) [0x7fa6250e150e]
/tools/Xilinx/Vivado/2024.1/lib/lnx64.o/librdi_synth.so(HARTLutMap::mapToLutR(NRealMod, UHashSet<UString, UString, UEKey<UString>, UHashSetNode<UString>, UString, UEValue<UString, UHashSetNode<UString> > >&, int&, int&)+0x17c) [0x7fa6250e176c]
/tools/Xilinx/Vivado/2024.1/lib/lnx64.o/librdi_synth.so(HARTLutMap::mapToLutR(NRealMod, UHashSet<UString, UString, UEKey<UString>, UHashSetNode<UString>, UString, UEValue<UString, UHashSetNode<UString> > >&, int&, int&)+0x393) [0x7fa6250e1983]
/tools/Xilinx/Vivado/2024.1/lib/lnx64.o/librdi_synth.so(HARTLutMap::mapToLut()+0x7d) [0x7fa6250e20ad]
/tools/Xilinx/Vivado/2024.1/lib/lnx64.o/librdi_synth.so(HARTNDb::mapToLut()+0x25f) [0x7fa624a9755f]
/tools/Xilinx/Vivado/2024.1/lib/lnx64.o/librdi_synth.so(+0x14d7623) [0x7fa624cf1623]
/tools/Xilinx/Vivado/2024.1/lib/lnx64.o/librdi_synth.so(+0x13623e5) [0x7fa624b7c3e5]
/tools/Xilinx/Vivado/2024.1/lib/lnx64.o/libtcl8.6.so(TclNRRunCallbacks+0x47) [0x7fa657e84497]
/tools/Xilinx/Vivado/2024.1/lib/lnx64.o/librdi_commontasks.so(+0x25c6d1) [0x7fa6514266d1]
/tools/Xilinx/Vivado/2024.1/lib/lnx64.o/libtcl8.6.so(TclNRRunCallbacks+0x47) [0x7fa657e84497]
/tools/Xilinx/Vivado/2024.1/lib/lnx64.o/librdi_commontasks.so(+0x25c6d1) [0x7fa6514266d1]
/tools/Xilinx/Vivado/2024.1/lib/lnx64.o/libtcl8.6.so(TclNRRunCallbacks+0x47) [0x7fa657e84497]
/tools/Xilinx/Vivado/2024.1/lib/lnx64.o/libtcl8.6.so(+0x45309) [0x7fa657e86309]
/tools/Xilinx/Vivado/2024.1/lib/lnx64.o/libtcl8.6.so(Tcl_FSEvalFileEx+0x1f8) [0x7fa657f3bae8]
/tools/Xilinx/Vivado/2024.1/lib/lnx64.o/librdi_commontasks.so(+0x27c1d5) [0x7fa6514461d5]
/tools/Xilinx/Vivado/2024.1/lib/lnx64.o/librdi_common.so(+0xd85d9f) [0x7fa65d085d9f]
/tools/Xilinx/Vivado/2024.1/lib/lnx64.o/libtcl8.6.so(TclNRRunCallbacks+0x47) [0x7fa657e84497]
/tools/Xilinx/Vivado/2024.1/lib/lnx64.o/libtcl8.6.so(+0x45309) [0x7fa657e86309]
/tools/Xilinx/Vivado/2024.1/lib/lnx64.o/libtcl8.6.so(Tcl_FSEvalFileEx+0x1f8) [0x7fa657f3bae8]
/tools/Xilinx/Vivado/2024.1/lib/lnx64.o/librdi_commontasks.so(+0x27c1d5) [0x7fa6514461d5]
/tools/Xilinx/Vivado/2024.1/lib/lnx64.o/librdi_common.so(+0xd85d9f) [0x7fa65d085d9f]
/tools/Xilinx/Vivado/2024.1/lib/lnx64.o/libtcl8.6.so(TclNRRunCallbacks+0x47) [0x7fa657e84497]
/tools/Xilinx/Vivado/2024.1/lib/lnx64.o/librdi_commontasks.so(+0x25c6d1) [0x7fa6514266d1]
/tools/Xilinx/Vivado/2024.1/lib/lnx64.o/libtcl8.6.so(TclNRRunCallbacks+0x47) [0x7fa657e84497]
/tools/Xilinx/Vivado/2024.1/lib/lnx64.o/librdi_common.so(hdi::tcltasks::task_manager::eval_in_tcl(Tcl_Interp*, Tcl_Obj*, char const*, bool)+0x7ad) [0x7fa65d08415d]
/tools/Xilinx/Vivado/2024.1/lib/lnx64.o/librdi_synth.so(HARTSWorker::runInternal()+0xe5) [0x7fa6257727a5]
/tools/Xilinx/Vivado/2024.1/lib/lnx64.o/librdi_synth.so(HARTSWorker::runJob(HARTSWorkerConfig&)+0x3f) [0x7fa625773f5f]
/tools/Xilinx/Vivado/2024.1/lib/lnx64.o/librdi_synth.so(HARTSWorker::mainLoop()+0x8b) [0x7fa625775c4b]
/tools/Xilinx/Vivado/2024.1/lib/lnx64.o/librdi_synth.so(HARTNDb::parallelListen(char const*, char const*, char const*)+0x39) [0x7fa624af8ce9]
/tools/Xilinx/Vivado/2024.1/lib/lnx64.o/librdi_synth.so(+0x14a4a74) [0x7fa624cbea74]
/tools/Xilinx/Vivado/2024.1/lib/lnx64.o/librdi_synth.so(+0x13623e5) [0x7fa624b7c3e5]
/tools/Xilinx/Vivado/2024.1/lib/lnx64.o/libtcl8.6.so(TclNRRunCallbacks+0x47) [0x7fa657e84497]
/tools/Xilinx/Vivado/2024.1/lib/lnx64.o/librdi_commontasks.so(+0x25c62e) [0x7fa65142662e]
/tools/Xilinx/Vivado/2024.1/lib/lnx64.o/libtcl8.6.so(TclNRRunCallbacks+0x47) [0x7fa657e84497]
/tools/Xilinx/Vivado/2024.1/lib/lnx64.o/libtcl8.6.so(+0x45309) [0x7fa657e86309]
/tools/Xilinx/Vivado/2024.1/lib/lnx64.o/libtcl8.6.so(Tcl_FSEvalFileEx+0x1f8) [0x7fa657f3bae8]
/tools/Xilinx/Vivado/2024.1/lib/lnx64.o/librdi_commontasks.so(+0x27c1d5) [0x7fa6514461d5]
/tools/Xilinx/Vivado/2024.1/lib/lnx64.o/librdi_common.so(+0xd85d9f) [0x7fa65d085d9f]
/tools/Xilinx/Vivado/2024.1/lib/lnx64.o/libtcl8.6.so(TclNRRunCallbacks+0x47) [0x7fa657e84497]
/tools/Xilinx/Vivado/2024.1/lib/lnx64.o/librdi_commontasks.so(+0x2c4bad) [0x7fa65148ebad]
/tools/Xilinx/Vivado/2024.1/lib/lnx64.o/librdi_commontasks.so(+0x2c61df) [0x7fa6514901df]
/tools/Xilinx/Vivado/2024.1/lib/lnx64.o/librdi_common.so(+0xd85d9f) [0x7fa65d085d9f]
/tools/Xilinx/Vivado/2024.1/lib/lnx64.o/libtcl8.6.so(TclNRRunCallbacks+0x47) [0x7fa657e84497]
/tools/Xilinx/Vivado/2024.1/lib/lnx64.o/librdi_commonmain.so(+0xe6d2) [0x7fa65df156d2]
/tools/Xilinx/Vivado/2024.1/lib/lnx64.o/libtcl8.6.so(Tcl_MainEx+0x1a8) [0x7fa657f43038]
/tools/Xilinx/Vivado/2024.1/lib/lnx64.o/librdi_common.so(+0xdaf42b) [0x7fa65d0af42b]
/lib/x86_64-linux-gnu/libc.so.6(+0x94ac3) [0x7fa65bc6bac3]
/lib/x86_64-linux-gnu/libc.so.6(+0x126850) [0x7fa65bcfd850]
