#
# An unexpected error has occurred (11)
#
Stack:
/lib/x86_64-linux-gnu/libc.so.6(+0x42520) [0x7f0308819520]
/tools/Xilinx/Vivado/2024.1/lib/lnx64.o/librdi_synth.so(HARTXmsgWriter::Print(UMsg&, UTrace const&, __va_list_tag*, char**, UString)+0x416) [0x7f02d1959926]
/tools/Xilinx/Vivado/2024.1/lib/lnx64.o/librdi_synth.so(xmsgMsgHandler(UMsg&, UTrace const&, __va_list_tag*, char**, UString)+0x8a) [0x7f02d1959c1a]
/tools/Xilinx/Vivado/2024.1/lib/lnx64.o/librdi_synth.so(UMsg::vprintMessage(UTrace const&, char const*, unsigned int, __va_list_tag*)+0xdf) [0x7f02d2e68f8f]
/tools/Xilinx/Vivado/2024.1/lib/lnx64.o/librdi_synth.so(UMsg::printMessage(UTrace const&, char const*, unsigned int, ...)+0x7d) [0x7f02d2e6918d]
/tools/Xilinx/Vivado/2024.1/lib/lnx64.o/librdi_synth.so(TClock::phaseShift(TClock*, TEdge, int, TEdge, int)+0x25b) [0x7f02d2d4f52b]
/tools/Xilinx/Vivado/2024.1/lib/lnx64.o/librdi_synth.so(TDomain::effPeriod(TDomain*, bool) const+0x11ea) [0x7f02d2d590da]
/tools/Xilinx/Vivado/2024.1/lib/lnx64.o/librdi_synth.so(TNPinC::processEndPoints(TPinViewHash&, TBiIn, bool, bool, bool, TTag*, TTag*, TTag*, bool, bool)+0xe0e) [0x7f02d2dc894e]
/tools/Xilinx/Vivado/2024.1/lib/lnx64.o/librdi_synth.so(TNPinC::updateViews(TBiIn, bool)+0x106) [0x7f02d2dc9816]
/tools/Xilinx/Vivado/2024.1/lib/lnx64.o/librdi_synth.so(TNPinC::updateInvArr(TBiIn, bool)+0x28) [0x7f02d2dbf358]
/tools/Xilinx/Vivado/2024.1/lib/lnx64.o/librdi_synth.so(TNDesC::processInvVwsQ(TLevel, bool)+0xb4) [0x7f02d2d79fb4]
/tools/Xilinx/Vivado/2024.1/lib/lnx64.o/librdi_synth.so(TNDesC::updateViews(bool, bool, TNPinC*, TBiIn)+0x29b) [0x7f02d2d810fb]
/tools/Xilinx/Vivado/2024.1/lib/lnx64.o/librdi_synth.so(TNDesC::endGroups()+0x15) [0x7f02d2d81595]
/tools/Xilinx/Vivado/2024.1/lib/lnx64.o/librdi_synth.so(TNDesC::worstSlack(bool)+0x1a) [0x7f02d2d81d2a]
/tools/Xilinx/Vivado/2024.1/lib/lnx64.o/librdi_synth.so(NDes::worstSlack()+0x1b) [0x7f02d2d81ddb]
/tools/Xilinx/Vivado/2024.1/lib/lnx64.o/librdi_synth.so(HARTNlCleanup::collapseLuts(bool, bool)+0x98b) [0x7f02d1e2b02b]
/tools/Xilinx/Vivado/2024.1/lib/lnx64.o/librdi_synth.so(HARTNlCleanup::cleanup(char const*, bool)+0x2cbc) [0x7f02d1e6992c]
/tools/Xilinx/Vivado/2024.1/lib/lnx64.o/librdi_synth.so(HARTNDb::cleanupNetlistBottomUp(NRealMod, UHashSet<UString, UString, UEKey<UString>, UHashSetNode<UString>, UString, UEValue<UString, UHashSetNode<UString> > >&, char const*, UString, TTime)+0x19e) [0x7f02d167eb7e]
/tools/Xilinx/Vivado/2024.1/lib/lnx64.o/librdi_synth.so(HARTNDb::cleanupNetlistBottomUp(NRealMod, UHashSet<UString, UString, UEKey<UString>, UHashSetNode<UString>, UString, UEValue<UString, UHashSetNode<UString> > >&, char const*, UString, TTime)+0x7c4) [0x7f02d167f1a4]
/tools/Xilinx/Vivado/2024.1/lib/lnx64.o/librdi_synth.so(HARTNDb::cleanupNetlist(char const*)+0x30c) [0x7f02d167f78c]
/tools/Xilinx/Vivado/2024.1/lib/lnx64.o/librdi_synth.so(+0x140ac25) [0x7f02d1824c25]
/tools/Xilinx/Vivado/2024.1/lib/lnx64.o/librdi_synth.so(+0x13623e5) [0x7f02d177c3e5]
/tools/Xilinx/Vivado/2024.1/lib/lnx64.o/libtcl8.6.so(TclNRRunCallbacks+0x47) [0x7f0304a84497]
/tools/Xilinx/Vivado/2024.1/lib/lnx64.o/librdi_commontasks.so(+0x25c6d1) [0x7f02fe0266d1]
/tools/Xilinx/Vivado/2024.1/lib/lnx64.o/libtcl8.6.so(TclNRRunCallbacks+0x47) [0x7f0304a84497]
/tools/Xilinx/Vivado/2024.1/lib/lnx64.o/librdi_commontasks.so(+0x25c6d1) [0x7f02fe0266d1]
/tools/Xilinx/Vivado/2024.1/lib/lnx64.o/libtcl8.6.so(TclNRRunCallbacks+0x47) [0x7f0304a84497]
/tools/Xilinx/Vivado/2024.1/lib/lnx64.o/libtcl8.6.so(+0x45309) [0x7f0304a86309]
/tools/Xilinx/Vivado/2024.1/lib/lnx64.o/libtcl8.6.so(Tcl_FSEvalFileEx+0x1f8) [0x7f0304b3bae8]
/tools/Xilinx/Vivado/2024.1/lib/lnx64.o/librdi_commontasks.so(+0x27c1d5) [0x7f02fe0461d5]
/tools/Xilinx/Vivado/2024.1/lib/lnx64.o/librdi_common.so(+0xd85d9f) [0x7f0309c85d9f]
/tools/Xilinx/Vivado/2024.1/lib/lnx64.o/libtcl8.6.so(TclNRRunCallbacks+0x47) [0x7f0304a84497]
/tools/Xilinx/Vivado/2024.1/lib/lnx64.o/libtcl8.6.so(+0x45309) [0x7f0304a86309]
/tools/Xilinx/Vivado/2024.1/lib/lnx64.o/libtcl8.6.so(Tcl_FSEvalFileEx+0x1f8) [0x7f0304b3bae8]
/tools/Xilinx/Vivado/2024.1/lib/lnx64.o/librdi_commontasks.so(+0x27c1d5) [0x7f02fe0461d5]
/tools/Xilinx/Vivado/2024.1/lib/lnx64.o/librdi_common.so(+0xd85d9f) [0x7f0309c85d9f]
/tools/Xilinx/Vivado/2024.1/lib/lnx64.o/libtcl8.6.so(TclNRRunCallbacks+0x47) [0x7f0304a84497]
/tools/Xilinx/Vivado/2024.1/lib/lnx64.o/librdi_commontasks.so(+0x25c6d1) [0x7f02fe0266d1]
/tools/Xilinx/Vivado/2024.1/lib/lnx64.o/libtcl8.6.so(TclNRRunCallbacks+0x47) [0x7f0304a84497]
/tools/Xilinx/Vivado/2024.1/lib/lnx64.o/librdi_common.so(hdi::tcltasks::task_manager::eval_in_tcl(Tcl_Interp*, Tcl_Obj*, char const*, bool)+0x7ad) [0x7f0309c8415d]
/tools/Xilinx/Vivado/2024.1/lib/lnx64.o/librdi_synth.so(HARTSWorker::runInternal()+0xe5) [0x7f02d23727a5]
/tools/Xilinx/Vivado/2024.1/lib/lnx64.o/librdi_synth.so(HARTSWorker::runJob(HARTSWorkerConfig&)+0x3f) [0x7f02d2373f5f]
/tools/Xilinx/Vivado/2024.1/lib/lnx64.o/librdi_synth.so(HARTSWorker::mainLoop()+0x8b) [0x7f02d2375c4b]
/tools/Xilinx/Vivado/2024.1/lib/lnx64.o/librdi_synth.so(HARTNDb::parallelListen(char const*, char const*, char const*)+0x39) [0x7f02d16f8ce9]
/tools/Xilinx/Vivado/2024.1/lib/lnx64.o/librdi_synth.so(+0x14a4a74) [0x7f02d18bea74]
/tools/Xilinx/Vivado/2024.1/lib/lnx64.o/librdi_synth.so(+0x13623e5) [0x7f02d177c3e5]
/tools/Xilinx/Vivado/2024.1/lib/lnx64.o/libtcl8.6.so(TclNRRunCallbacks+0x47) [0x7f0304a84497]
/tools/Xilinx/Vivado/2024.1/lib/lnx64.o/librdi_commontasks.so(+0x25c62e) [0x7f02fe02662e]
/tools/Xilinx/Vivado/2024.1/lib/lnx64.o/libtcl8.6.so(TclNRRunCallbacks+0x47) [0x7f0304a84497]
/tools/Xilinx/Vivado/2024.1/lib/lnx64.o/libtcl8.6.so(+0x45309) [0x7f0304a86309]
/tools/Xilinx/Vivado/2024.1/lib/lnx64.o/libtcl8.6.so(Tcl_FSEvalFileEx+0x1f8) [0x7f0304b3bae8]
/tools/Xilinx/Vivado/2024.1/lib/lnx64.o/librdi_commontasks.so(+0x27c1d5) [0x7f02fe0461d5]
/tools/Xilinx/Vivado/2024.1/lib/lnx64.o/librdi_common.so(+0xd85d9f) [0x7f0309c85d9f]
/tools/Xilinx/Vivado/2024.1/lib/lnx64.o/libtcl8.6.so(TclNRRunCallbacks+0x47) [0x7f0304a84497]
/tools/Xilinx/Vivado/2024.1/lib/lnx64.o/librdi_commontasks.so(+0x2c4bad) [0x7f02fe08ebad]
/tools/Xilinx/Vivado/2024.1/lib/lnx64.o/librdi_commontasks.so(+0x2c61df) [0x7f02fe0901df]
/tools/Xilinx/Vivado/2024.1/lib/lnx64.o/librdi_common.so(+0xd85d9f) [0x7f0309c85d9f]
/tools/Xilinx/Vivado/2024.1/lib/lnx64.o/libtcl8.6.so(TclNRRunCallbacks+0x47) [0x7f0304a84497]
/tools/Xilinx/Vivado/2024.1/lib/lnx64.o/librdi_commonmain.so(+0xe6d2) [0x7f030aab66d2]
/tools/Xilinx/Vivado/2024.1/lib/lnx64.o/libtcl8.6.so(Tcl_MainEx+0x1a8) [0x7f0304b43038]
/tools/Xilinx/Vivado/2024.1/lib/lnx64.o/librdi_common.so(+0xdaf42b) [0x7f0309caf42b]
/lib/x86_64-linux-gnu/libc.so.6(+0x94ac3) [0x7f030886bac3]
/lib/x86_64-linux-gnu/libc.so.6(+0x126850) [0x7f03088fd850]
