#
# An unexpected error has occurred (11)
#
Stack:
/lib/x86_64-linux-gnu/libc.so.6(+0x42520) [0x7f5b10a19520]
/tools/Xilinx/Vivado/2024.1/lib/lnx64.o/librdi_synth.so(std::_Rb_tree<std::tuple<TLibPin*, TLibPin*, int>, std::pair<std::tuple<TLibPin*, TLibPin*, int> const, TTime>, std::_Select1st<std::pair<std::tuple<TLibPin*, TLibPin*, int> const, TTime> >, std::less<std::tuple<TLibPin*, TLibPin*, int> >, std::allocator<std::pair<std::tuple<TLibPin*, TLibPin*, int> const, TTime> > >::_M_erase(std::_Rb_tree_node<std::pair<std::tuple<TLibPin*, TLibPin*, int> const, TTime> >*)+0xf) [0x7f5ad9945a5f]
/tools/Xilinx/Vivado/2024.1/lib/lnx64.o/librdi_synth.so(HARTTDelayCalc::updatePinDelay(TTime&, TNetInfo*, TNDesC*, TNPinC*)+0x9cb) [0x7f5ad994278b]
/tools/Xilinx/Vivado/2024.1/lib/lnx64.o/librdi_synth.so(TNPinC::updateDriverAndLoadingPins(int, TNetInfo&, bool)+0x5b1) [0x7f5adafa42d1]
/tools/Xilinx/Vivado/2024.1/lib/lnx64.o/librdi_synth.so(TNPinC::updateDriverAndNetArcs(bool)+0x1a3) [0x7f5adafb2043]
/tools/Xilinx/Vivado/2024.1/lib/lnx64.o/librdi_synth.so(TNInstC::delay(int, int, TArcType&, int&, TMode*)+0x354) [0x7f5adaf8fd64]
/tools/Xilinx/Vivado/2024.1/lib/lnx64.o/librdi_synth.so(TNInstC::delay(int, int, TArcType&, TArcIter&, TMode*)+0x61) [0x7f5adaf8ff81]
/tools/Xilinx/Vivado/2024.1/lib/lnx64.o/librdi_synth.so(TGenDelayTmp::driveDelay(TArcType&, TMode*) const+0x31) [0x7f5adaf66081]
/tools/Xilinx/Vivado/2024.1/lib/lnx64.o/librdi_synth.so(TGenDelayTmp::pushDrive(TMode*)+0x1c) [0x7f5adaf661ec]
/tools/Xilinx/Vivado/2024.1/lib/lnx64.o/librdi_synth.so(TGenDelaysTmp::pushOrConvert(bool, TGenChar*, int, TMode*)+0x3ad) [0x7f5adaf6c5dd]
/tools/Xilinx/Vivado/2024.1/lib/lnx64.o/librdi_synth.so(TGenPinTmp::pushDriverArcs(TGenChar*)+0x115) [0x7f5adaf6c7a5]
/tools/Xilinx/Vivado/2024.1/lib/lnx64.o/librdi_synth.so(TGenChar::propagate(TNPinC*, TGenPinTmp*)+0x679) [0x7f5adb0011e9]
/tools/Xilinx/Vivado/2024.1/lib/lnx64.o/librdi_synth.so(TGenChar::characterizeTmpPin(TNPinC*, TBiIn)+0xbf) [0x7f5adb0021bf]
/tools/Xilinx/Vivado/2024.1/lib/lnx64.o/librdi_synth.so(TGenChar::TGenChar(TNDesC*)+0xe14) [0x7f5adb003af4]
/tools/Xilinx/Vivado/2024.1/lib/lnx64.o/librdi_synth.so(TNGenC::tUpdate()+0xf4) [0x7f5adaf89374]
/tools/Xilinx/Vivado/2024.1/lib/lnx64.o/librdi_synth.so(TArcsToPinIterator::TArcsToPinIterator(TNPinC const*)+0x74f) [0x7f5adaf9f73f]
/tools/Xilinx/Vivado/2024.1/lib/lnx64.o/librdi_synth.so(TNPinC::needsInputViews() const+0x64) [0x7f5adaf9f884]
/tools/Xilinx/Vivado/2024.1/lib/lnx64.o/librdi_synth.so(TNDesC::processInvPins()+0x19d) [0x7f5adaf806ed]
/tools/Xilinx/Vivado/2024.1/lib/lnx64.o/librdi_synth.so(TNDesC::processInvNetQ(TNPinC*, TBiIn)+0x1c) [0x7f5adaf80cdc]
/tools/Xilinx/Vivado/2024.1/lib/lnx64.o/librdi_synth.so(TNDesC::updateViews(bool, bool, TNPinC*, TBiIn)+0x24f) [0x7f5adaf810af]
/tools/Xilinx/Vivado/2024.1/lib/lnx64.o/librdi_synth.so(TNDesC::endGroups()+0x15) [0x7f5adaf81595]
/tools/Xilinx/Vivado/2024.1/lib/lnx64.o/librdi_synth.so(TNDesC::worstSlack(bool)+0x1a) [0x7f5adaf81d2a]
/tools/Xilinx/Vivado/2024.1/lib/lnx64.o/librdi_synth.so(NDes::worstSlack()+0x1b) [0x7f5adaf81ddb]
/tools/Xilinx/Vivado/2024.1/lib/lnx64.o/librdi_synth.so(HARTNDb::cleanupNetlist(char const*)+0x127) [0x7f5ad987f5a7]
/tools/Xilinx/Vivado/2024.1/lib/lnx64.o/librdi_synth.so(+0x140ac25) [0x7f5ad9a24c25]
/tools/Xilinx/Vivado/2024.1/lib/lnx64.o/librdi_synth.so(+0x13623e5) [0x7f5ad997c3e5]
/tools/Xilinx/Vivado/2024.1/lib/lnx64.o/libtcl8.6.so(TclNRRunCallbacks+0x47) [0x7f5b0cc84497]
/tools/Xilinx/Vivado/2024.1/lib/lnx64.o/librdi_commontasks.so(+0x25c6d1) [0x7f5b062266d1]
/tools/Xilinx/Vivado/2024.1/lib/lnx64.o/libtcl8.6.so(TclNRRunCallbacks+0x47) [0x7f5b0cc84497]
/tools/Xilinx/Vivado/2024.1/lib/lnx64.o/librdi_commontasks.so(+0x25c6d1) [0x7f5b062266d1]
/tools/Xilinx/Vivado/2024.1/lib/lnx64.o/libtcl8.6.so(TclNRRunCallbacks+0x47) [0x7f5b0cc84497]
/tools/Xilinx/Vivado/2024.1/lib/lnx64.o/libtcl8.6.so(+0x45309) [0x7f5b0cc86309]
/tools/Xilinx/Vivado/2024.1/lib/lnx64.o/libtcl8.6.so(Tcl_FSEvalFileEx+0x1f8) [0x7f5b0cd3bae8]
/tools/Xilinx/Vivado/2024.1/lib/lnx64.o/librdi_commontasks.so(+0x27c1d5) [0x7f5b062461d5]
/tools/Xilinx/Vivado/2024.1/lib/lnx64.o/librdi_common.so(+0xd85d9f) [0x7f5b11e85d9f]
/tools/Xilinx/Vivado/2024.1/lib/lnx64.o/libtcl8.6.so(TclNRRunCallbacks+0x47) [0x7f5b0cc84497]
/tools/Xilinx/Vivado/2024.1/lib/lnx64.o/libtcl8.6.so(+0x45309) [0x7f5b0cc86309]
/tools/Xilinx/Vivado/2024.1/lib/lnx64.o/libtcl8.6.so(Tcl_FSEvalFileEx+0x1f8) [0x7f5b0cd3bae8]
/tools/Xilinx/Vivado/2024.1/lib/lnx64.o/librdi_commontasks.so(+0x27c1d5) [0x7f5b062461d5]
/tools/Xilinx/Vivado/2024.1/lib/lnx64.o/librdi_common.so(+0xd85d9f) [0x7f5b11e85d9f]
/tools/Xilinx/Vivado/2024.1/lib/lnx64.o/libtcl8.6.so(TclNRRunCallbacks+0x47) [0x7f5b0cc84497]
/tools/Xilinx/Vivado/2024.1/lib/lnx64.o/librdi_commontasks.so(+0x25c6d1) [0x7f5b062266d1]
/tools/Xilinx/Vivado/2024.1/lib/lnx64.o/libtcl8.6.so(TclNRRunCallbacks+0x47) [0x7f5b0cc84497]
/tools/Xilinx/Vivado/2024.1/lib/lnx64.o/librdi_common.so(hdi::tcltasks::task_manager::eval_in_tcl(Tcl_Interp*, Tcl_Obj*, char const*, bool)+0x7ad) [0x7f5b11e8415d]
/tools/Xilinx/Vivado/2024.1/lib/lnx64.o/librdi_synth.so(HARTSWorker::runInternal()+0xe5) [0x7f5ada5727a5]
/tools/Xilinx/Vivado/2024.1/lib/lnx64.o/librdi_synth.so(HARTSWorker::runJob(HARTSWorkerConfig&)+0x3f) [0x7f5ada573f5f]
/tools/Xilinx/Vivado/2024.1/lib/lnx64.o/librdi_synth.so(HARTSWorker::mainLoop()+0x8b) [0x7f5ada575c4b]
/tools/Xilinx/Vivado/2024.1/lib/lnx64.o/librdi_synth.so(HARTNDb::parallelListen(char const*, char const*, char const*)+0x39) [0x7f5ad98f8ce9]
/tools/Xilinx/Vivado/2024.1/lib/lnx64.o/librdi_synth.so(+0x14a4a74) [0x7f5ad9abea74]
/tools/Xilinx/Vivado/2024.1/lib/lnx64.o/librdi_synth.so(+0x13623e5) [0x7f5ad997c3e5]
/tools/Xilinx/Vivado/2024.1/lib/lnx64.o/libtcl8.6.so(TclNRRunCallbacks+0x47) [0x7f5b0cc84497]
/tools/Xilinx/Vivado/2024.1/lib/lnx64.o/librdi_commontasks.so(+0x25c62e) [0x7f5b0622662e]
/tools/Xilinx/Vivado/2024.1/lib/lnx64.o/libtcl8.6.so(TclNRRunCallbacks+0x47) [0x7f5b0cc84497]
/tools/Xilinx/Vivado/2024.1/lib/lnx64.o/libtcl8.6.so(+0x45309) [0x7f5b0cc86309]
/tools/Xilinx/Vivado/2024.1/lib/lnx64.o/libtcl8.6.so(Tcl_FSEvalFileEx+0x1f8) [0x7f5b0cd3bae8]
/tools/Xilinx/Vivado/2024.1/lib/lnx64.o/librdi_commontasks.so(+0x27c1d5) [0x7f5b062461d5]
/tools/Xilinx/Vivado/2024.1/lib/lnx64.o/librdi_common.so(+0xd85d9f) [0x7f5b11e85d9f]
/tools/Xilinx/Vivado/2024.1/lib/lnx64.o/libtcl8.6.so(TclNRRunCallbacks+0x47) [0x7f5b0cc84497]
/tools/Xilinx/Vivado/2024.1/lib/lnx64.o/librdi_commontasks.so(+0x2c4bad) [0x7f5b0628ebad]
/tools/Xilinx/Vivado/2024.1/lib/lnx64.o/librdi_commontasks.so(+0x2c61df) [0x7f5b062901df]
/tools/Xilinx/Vivado/2024.1/lib/lnx64.o/librdi_common.so(+0xd85d9f) [0x7f5b11e85d9f]
/tools/Xilinx/Vivado/2024.1/lib/lnx64.o/libtcl8.6.so(TclNRRunCallbacks+0x47) [0x7f5b0cc84497]
/tools/Xilinx/Vivado/2024.1/lib/lnx64.o/librdi_commonmain.so(+0xe6d2) [0x7f5b12d5d6d2]
/tools/Xilinx/Vivado/2024.1/lib/lnx64.o/libtcl8.6.so(Tcl_MainEx+0x1a8) [0x7f5b0cd43038]
/tools/Xilinx/Vivado/2024.1/lib/lnx64.o/librdi_common.so(+0xdaf42b) [0x7f5b11eaf42b]
/lib/x86_64-linux-gnu/libc.so.6(+0x94ac3) [0x7f5b10a6bac3]
/lib/x86_64-linux-gnu/libc.so.6(+0x126850) [0x7f5b10afd850]
