Copyright 1986-2022 Xilinx, Inc. All Rights Reserved. Copyright 2022-2024 Advanced Micro Devices, Inc. All Rights Reserved.
---------------------------------------------------------------------------------------------------------------------------------------------
| Tool Version : Vivado v.2024.1 (lin64) Build 5076996 Wed May 22 18:36:09 MDT 2024
| Date         : Wed Sep 25 11:33:00 2024
| Host         : archlinux running 64-bit Arch Linux
| Command      : report_control_sets -verbose -file register_array_control_sets_placed.rpt
| Design       : register_array
| Device       : xcu250
---------------------------------------------------------------------------------------------------------------------------------------------

Control Set Information

Table of Contents
-----------------
1. Summary
2. Histogram
3. Flip-Flop Distribution
4. Detailed Control Set Information

1. Summary
----------

+----------------------------------------------------------+-------+
|                          Status                          | Count |
+----------------------------------------------------------+-------+
| Total control sets                                       |     3 |
|    Minimum number of control sets                        |     3 |
|    Addition due to synthesis replication                 |     0 |
|    Addition due to physical synthesis replication        |     0 |
| Unused register locations in slices containing registers |     0 |
+----------------------------------------------------------+-------+
* Control sets can be merged at opt_design using control_set_merge or merge_equivalent_drivers
** Run report_qor_suggestions for automated merging and remapping suggestions


2. Histogram
------------

+--------------------+-------+
|       Fanout       | Count |
+--------------------+-------+
| Total control sets |     3 |
| >= 0 to < 4        |     0 |
| >= 4 to < 6        |     0 |
| >= 6 to < 8        |     0 |
| >= 8 to < 10       |     0 |
| >= 10 to < 12      |     0 |
| >= 12 to < 14      |     0 |
| >= 14 to < 16      |     0 |
| >= 16              |     3 |
+--------------------+-------+
* Control sets can be remapped at either synth_design or opt_design


3. Flip-Flop Distribution
-------------------------

+--------------+-----------------------+------------------------+-----------------+--------------+
| Clock Enable | Synchronous Set/Reset | Asynchronous Set/Reset | Total Registers | Total Slices |
+--------------+-----------------------+------------------------+-----------------+--------------+
| No           | No                    | No                     |               0 |            0 |
| No           | No                    | Yes                    |               0 |            0 |
| No           | Yes                   | No                     |           32672 |         8958 |
| Yes          | No                    | No                     |               0 |            0 |
| Yes          | No                    | Yes                    |               0 |            0 |
| Yes          | Yes                   | No                     |              80 |           18 |
+--------------+-----------------------+------------------------+-----------------+--------------+


4. Detailed Control Set Information
-----------------------------------

+----------------+--------------------------------+------------------+------------------+----------------+--------------+
|  Clock Signal  |          Enable Signal         | Set/Reset Signal | Slice Load Count | Bel Load Count | Bels / Slice |
+----------------+--------------------------------+------------------+------------------+----------------+--------------+
|  clk_IBUF_BUFG | register_reg[1022][31]_i_1_n_0 | rst_IBUF_BUFG    |                6 |             32 |         5.33 |
|  clk_IBUF_BUFG | register[0][31]_i_1_n_0        | rst_IBUF_BUFG    |               12 |             48 |         4.00 |
|  clk_IBUF_BUFG |                                | rst_IBUF_BUFG    |             8958 |          32672 |         3.65 |
+----------------+--------------------------------+------------------+------------------+----------------+--------------+


